#
# A fatal error has been detected by the Java Runtime Environment:
#
#  Internal Error (javaCalls.cpp:53), pid=32287, tid=22787
#  guarantee(!thread->is_Compiler_thread()) failed: cannot make java calls from the compiler
#
# JRE version: Java(TM) SE Runtime Environment (8.0_73-b02) (build 1.8.0_73-b02)
# Java VM: Java HotSpot(TM) 64-Bit Server VM (25.73-b02 mixed mode bsd-amd64 compressed oops)
# Failed to write core dump. Core dumps have been disabled. To enable core dumping, try "ulimit -c unlimited" before starting Java again
#
# If you would like to submit a bug report, please visit:
#   http://bugreport.java.com/bugreport/crash.jsp
#

---------------  T H R E A D  ---------------

Current thread (0x00007fd5da25f800):  JavaThread "C1 CompilerThread3" daemon [_thread_in_vm, id=22787, stack(0x000070000c1d7000,0x000070000c2d7000)]

Stack: [0x000070000c1d7000,0x000070000c2d7000],  sp=0x000070000c2d4db0,  free space=1015k
Native frames: (J=compiled Java code, j=interpreted, Vv=VM code, C=native code)
V  [libjvm.dylib+0x5a6996]
V  [libjvm.dylib+0x1e64f7]
V  [libjvm.dylib+0x2ea54d]
V  [libjvm.dylib+0x2eadd4]
V  [libjvm.dylib+0x321bec]
V  [libjvm.dylib+0x31a966]
C  [libprofilerinterface.jnilib+0x191a]  monitor_contended_enter_hook+0xd8
V  [libjvm.dylib+0x38dc0a]
V  [libjvm.dylib+0x476d0c]
V  [libjvm.dylib+0x2ca080]
V  [libjvm.dylib+0x5a72f8]
V  [libjvm.dylib+0x5ad301]
V  [libjvm.dylib+0x495efa]
V  [libjvm.dylib+0xb28d4]
V  [libjvm.dylib+0x2c0aa6]
V  [libjvm.dylib+0x2be45b]
V  [libjvm.dylib+0x2f03bc]
V  [libjvm.dylib+0x2f05cb]
V  [libjvm.dylib+0x52c089]
V  [libjvm.dylib+0x52c2dc]
V  [libjvm.dylib+0x1e0790]
V  [libjvm.dylib+0x1656d4]
V  [libjvm.dylib+0x1649fe]
V  [libjvm.dylib+0x164d13]
V  [libjvm.dylib+0x175d9e]
V  [libjvm.dylib+0xef996]
V  [libjvm.dylib+0xf5aae]
V  [libjvm.dylib+0xf34dd]
V  [libjvm.dylib+0xf79d1]
V  [libjvm.dylib+0xfcea6]
V  [libjvm.dylib+0xfcf57]
V  [libjvm.dylib+0xe814f]
V  [libjvm.dylib+0xe82de]
V  [libjvm.dylib+0xe8507]
V  [libjvm.dylib+0xe871c]
V  [libjvm.dylib+0xe8e9e]
V  [libjvm.dylib+0x1b529a]
V  [libjvm.dylib+0x1b77e1]
V  [libjvm.dylib+0x561753]
V  [libjvm.dylib+0x562e4e]
V  [libjvm.dylib+0x4838a2]
C  [libsystem_pthread.dylib+0x3aab]  _pthread_body+0xb4
C  [libsystem_pthread.dylib+0x39f7]  _pthread_body+0x0
C  [libsystem_pthread.dylib+0x3221]  thread_start+0xd
C  0x0000000000000000


Current CompileTask:
C1:   1355  309       3       java.util.regex.Pattern::sequence (553 bytes)


---------------  P R O C E S S  ---------------

Java Threads: ( => current thread )
  0x00007fd5dc14c000 JavaThread "Thread-105" [_thread_blocked, id=75523, stack(0x0000700012a0c000,0x0000700012b0c000)]
  0x00007fd5db082000 JavaThread "Thread-104" [_thread_blocked, id=75011, stack(0x0000700012909000,0x0000700012a09000)]
  0x00007fd5dc917000 JavaThread "Thread-103" [_thread_blocked, id=74499, stack(0x0000700012806000,0x0000700012906000)]
  0x00007fd5dc14b000 JavaThread "Thread-102" [_thread_blocked, id=73987, stack(0x0000700012703000,0x0000700012803000)]
  0x00007fd5dd062000 JavaThread "Thread-101" [_thread_blocked, id=73475, stack(0x0000700012600000,0x0000700012700000)]
  0x00007fd5dc916800 JavaThread "Thread-100" [_thread_blocked, id=72963, stack(0x00007000124fd000,0x00007000125fd000)]
  0x00007fd5db081800 JavaThread "Thread-99" [_thread_blocked, id=72451, stack(0x00007000123fa000,0x00007000124fa000)]
  0x00007fd5dd821800 JavaThread "Thread-98" [_thread_blocked, id=71939, stack(0x00007000122f7000,0x00007000123f7000)]
  0x00007fd5dc14a800 JavaThread "Thread-97" [_thread_blocked, id=71427, stack(0x00007000121f4000,0x00007000122f4000)]
  0x00007fd5dc915800 JavaThread "Thread-96" [_thread_blocked, id=70915, stack(0x00007000120f1000,0x00007000121f1000)]
  0x00007fd5dc915000 JavaThread "Thread-95" [_thread_blocked, id=70403, stack(0x0000700011fee000,0x00007000120ee000)]
  0x00007fd5dc149800 JavaThread "Thread-94" [_thread_blocked, id=69891, stack(0x0000700011eeb000,0x0000700011feb000)]
  0x00007fd5dc0fa800 JavaThread "Thread-93" [_thread_blocked, id=69379, stack(0x0000700011de8000,0x0000700011ee8000)]
  0x00007fd5dc0f9800 JavaThread "Thread-92" [_thread_blocked, id=68867, stack(0x0000700011ce5000,0x0000700011de5000)]
  0x00007fd5dd821000 JavaThread "Thread-91" [_thread_blocked, id=68355, stack(0x0000700011be2000,0x0000700011ce2000)]
  0x00007fd5dc92c800 JavaThread "Thread-90" [_thread_blocked, id=67843, stack(0x0000700011adf000,0x0000700011bdf000)]
  0x00007fd5dc92b800 JavaThread "Thread-89" [_thread_blocked, id=67331, stack(0x00007000119dc000,0x0000700011adc000)]
  0x00007fd5dc92b000 JavaThread "Thread-88" [_thread_blocked, id=66819, stack(0x00007000118d9000,0x00007000119d9000)]
  0x00007fd5daa40800 JavaThread "Thread-87" [_thread_blocked, id=66307, stack(0x00007000117d6000,0x00007000118d6000)]
  0x00007fd5daa40000 JavaThread "Thread-86" [_thread_blocked, id=65795, stack(0x00007000116d3000,0x00007000117d3000)]
  0x00007fd5dd820000 JavaThread "Thread-85" [_thread_blocked, id=65283, stack(0x00007000115d0000,0x00007000116d0000)]
  0x00007fd5dd061000 JavaThread "Thread-84" [_thread_blocked, id=64771, stack(0x00007000114cd000,0x00007000115cd000)]
  0x00007fd5db080800 JavaThread "Thread-83" [_thread_blocked, id=64259, stack(0x00007000113ca000,0x00007000114ca000)]
  0x00007fd5dd81f800 JavaThread "Thread-82" [_thread_blocked, id=63747, stack(0x00007000112c7000,0x00007000113c7000)]
  0x00007fd5dc92a000 JavaThread "Thread-81" [_thread_blocked, id=63235, stack(0x00007000111c4000,0x00007000112c4000)]
  0x00007fd5dc0f8800 JavaThread "Thread-80" [_thread_blocked, id=62723, stack(0x00007000110c1000,0x00007000111c1000)]
  0x00007fd5dc0f8000 JavaThread "Thread-79" [_thread_blocked, id=62211, stack(0x0000700010fbe000,0x00007000110be000)]
  0x00007fd5dc914000 JavaThread "Thread-78" [_thread_blocked, id=61699, stack(0x0000700010ebb000,0x0000700010fbb000)]
  0x00007fd5dc0f7000 JavaThread "Thread-77" [_thread_blocked, id=61187, stack(0x0000700010db8000,0x0000700010eb8000)]
  0x00007fd5dc0f6800 JavaThread "Thread-76" [_thread_blocked, id=60675, stack(0x0000700010cb5000,0x0000700010db5000)]
  0x00007fd5dc913800 JavaThread "Thread-75" [_thread_blocked, id=60163, stack(0x0000700010bb2000,0x0000700010cb2000)]
  0x00007fd5dc160000 JavaThread "Thread-74" [_thread_blocked, id=59651, stack(0x0000700010aaf000,0x0000700010baf000)]
  0x00007fd5dc15f800 JavaThread "Thread-73" [_thread_blocked, id=59139, stack(0x00007000109ac000,0x0000700010aac000)]
  0x00007fd5dc912800 JavaThread "Thread-72" [_thread_blocked, id=58627, stack(0x00007000108a9000,0x00007000109a9000)]
  0x00007fd5dc90f000 JavaThread "Thread-71" [_thread_blocked, id=58115, stack(0x00007000107a6000,0x00007000108a6000)]
  0x00007fd5dc90e000 JavaThread "Thread-70" [_thread_blocked, id=57603, stack(0x00007000106a3000,0x00007000107a3000)]
  0x00007fd5daa3e000 JavaThread "Thread-69" [_thread_blocked, id=57091, stack(0x00007000105a0000,0x00007000106a0000)]
  0x00007fd5daa3d800 JavaThread "Thread-68" [_thread_blocked, id=56579, stack(0x000070001049d000,0x000070001059d000)]
  0x00007fd5daa3c800 JavaThread "Thread-67" [_thread_blocked, id=56067, stack(0x000070001039a000,0x000070001049a000)]
  0x00007fd5daa3c000 JavaThread "Thread-66" [_thread_blocked, id=55555, stack(0x0000700010297000,0x0000700010397000)]
  0x00007fd5daa3b000 JavaThread "Thread-65" [_thread_blocked, id=55043, stack(0x0000700010194000,0x0000700010294000)]
  0x00007fd5daa1f800 JavaThread "Thread-64" [_thread_blocked, id=54531, stack(0x0000700010091000,0x0000700010191000)]
  0x00007fd5daa1f000 JavaThread "Thread-63" [_thread_blocked, id=54019, stack(0x000070000ff8e000,0x000070001008e000)]
  0x00007fd5daa1e000 JavaThread "Thread-62" [_thread_blocked, id=53507, stack(0x000070000fe8b000,0x000070000ff8b000)]
  0x00007fd5db080000 JavaThread "Thread-61" [_thread_blocked, id=52995, stack(0x000070000fd88000,0x000070000fe88000)]
  0x00007fd5db07f000 JavaThread "Thread-60" [_thread_blocked, id=52483, stack(0x000070000fc85000,0x000070000fd85000)]
  0x00007fd5db07e800 JavaThread "Thread-59" [_thread_blocked, id=51971, stack(0x000070000fb82000,0x000070000fc82000)]
  0x00007fd5dc90d800 JavaThread "Thread-58" [_thread_blocked, id=51459, stack(0x000070000fa7f000,0x000070000fb7f000)]
  0x00007fd5db07d800 JavaThread "Thread-57" [_thread_blocked, id=50947, stack(0x000070000f97c000,0x000070000fa7c000)]
  0x00007fd5dd81e800 JavaThread "Thread-56" [_thread_blocked, id=50435, stack(0x000070000f879000,0x000070000f979000)]
  0x00007fd5dd81e000 JavaThread "Thread-55" [_thread_blocked, id=49923, stack(0x000070000f776000,0x000070000f876000)]
  0x00007fd5db07d000 JavaThread "Thread-54" [_thread_blocked, id=49411, stack(0x000070000f673000,0x000070000f773000)]
  0x00007fd5dc929800 JavaThread "Thread-53" [_thread_blocked, id=48899, stack(0x000070000f570000,0x000070000f670000)]
  0x00007fd5de02e800 JavaThread "Thread-52" [_thread_blocked, id=48387, stack(0x000070000f46d000,0x000070000f56d000)]
  0x00007fd5de02d800 JavaThread "Thread-51" [_thread_blocked, id=47875, stack(0x000070000f36a000,0x000070000f46a000)]
  0x00007fd5dc8fd800 JavaThread "Thread-50" [_thread_blocked, id=47363, stack(0x000070000f267000,0x000070000f367000)]
  0x00007fd5db07c000 JavaThread "Thread-49" [_thread_blocked, id=46851, stack(0x000070000f164000,0x000070000f264000)]
  0x00007fd5daa1d800 JavaThread "Thread-48" [_thread_blocked, id=46339, stack(0x000070000f061000,0x000070000f161000)]
  0x00007fd5daa1c800 JavaThread "Thread-47" [_thread_blocked, id=45827, stack(0x000070000ef5e000,0x000070000f05e000)]
  0x00007fd5daa1c000 JavaThread "Thread-46" [_thread_blocked, id=45315, stack(0x000070000ee5b000,0x000070000ef5b000)]
  0x00007fd5daa1b000 JavaThread "Thread-45" [_thread_blocked, id=44803, stack(0x000070000ed58000,0x000070000ee58000)]
  0x00007fd5de02d000 JavaThread "Thread-44" [_thread_blocked, id=44291, stack(0x000070000ec55000,0x000070000ed55000)]
  0x00007fd5dd81d000 JavaThread "Thread-43" [_thread_blocked, id=43779, stack(0x000070000eb52000,0x000070000ec52000)]
  0x00007fd5dd81c800 JavaThread "Thread-42" [_thread_blocked, id=43267, stack(0x000070000ea4f000,0x000070000eb4f000)]
  0x00007fd5dd81b800 JavaThread "Thread-41" [_thread_blocked, id=42755, stack(0x000070000e94c000,0x000070000ea4c000)]
  0x00007fd5daa1a800 JavaThread "Thread-40" [_thread_blocked, id=42243, stack(0x000070000e849000,0x000070000e949000)]
  0x00007fd5daa19800 JavaThread "Thread-39" [_thread_blocked, id=41731, stack(0x000070000e746000,0x000070000e846000)]
  0x00007fd5daa19000 JavaThread "Thread-38" [_thread_blocked, id=41219, stack(0x000070000e643000,0x000070000e743000)]
  0x00007fd5daa18000 JavaThread "Thread-37" [_thread_blocked, id=40707, stack(0x000070000e540000,0x000070000e640000)]
  0x00007fd5daa17800 JavaThread "Thread-36" [_thread_blocked, id=40195, stack(0x000070000e43d000,0x000070000e53d000)]
  0x00007fd5da2a6800 JavaThread "Thread-35" [_thread_blocked, id=39683, stack(0x000070000e33a000,0x000070000e43a000)]
  0x00007fd5da2a6000 JavaThread "Thread-34" [_thread_blocked, id=39171, stack(0x000070000e237000,0x000070000e337000)]
  0x00007fd5dd81b000 JavaThread "Thread-33" [_thread_blocked, id=38659, stack(0x000070000e134000,0x000070000e234000)]
  0x00007fd5dc15e800 JavaThread "Thread-32" [_thread_blocked, id=38147, stack(0x000070000e031000,0x000070000e131000)]
  0x00007fd5daa39800 JavaThread "Thread-31" [_thread_blocked, id=37635, stack(0x000070000df2e000,0x000070000e02e000)]
  0x00007fd5dd06f000 JavaThread "Thread-30" [_thread_blocked, id=37123, stack(0x000070000de2b000,0x000070000df2b000)]
  0x00007fd5db07b800 JavaThread "Thread-29" [_thread_blocked, id=36611, stack(0x000070000dd28000,0x000070000de28000)]
  0x00007fd5dd06e800 JavaThread "Thread-28" [_thread_blocked, id=36099, stack(0x000070000dc25000,0x000070000dd25000)]
  0x00007fd5dc90c800 JavaThread "Thread-27" [_thread_blocked, id=35587, stack(0x000070000db22000,0x000070000dc22000)]
  0x00007fd5dc904800 JavaThread "Thread-26" [_thread_blocked, id=35075, stack(0x000070000da1f000,0x000070000db1f000)]
  0x00007fd5dc901000 JavaThread "Thread-25" [_thread_blocked, id=34563, stack(0x000070000d91c000,0x000070000da1c000)]
  0x00007fd5de035800 JavaThread "Thread-24" [_thread_blocked, id=34051, stack(0x000070000d819000,0x000070000d919000)]
  0x00007fd5de035000 JavaThread "Thread-23" [_thread_blocked, id=33539, stack(0x000070000d716000,0x000070000d816000)]
  0x00007fd5de005000 JavaThread "Thread-22" [_thread_blocked, id=33027, stack(0x000070000d613000,0x000070000d713000)]
  0x00007fd5da2a3000 JavaThread "Thread-21" [_thread_blocked, id=32515, stack(0x000070000d510000,0x000070000d610000)]
  0x00007fd5db07a800 JavaThread "Thread-20" [_thread_blocked, id=32003, stack(0x000070000d40d000,0x000070000d50d000)]
  0x00007fd5db07a000 JavaThread "Thread-19" [_thread_blocked, id=31491, stack(0x000070000d30a000,0x000070000d40a000)]
  0x00007fd5daa2c800 JavaThread "Thread-18" [_thread_blocked, id=30979, stack(0x000070000d207000,0x000070000d307000)]
  0x00007fd5dd81a000 JavaThread "Thread-17" [_thread_blocked, id=30467, stack(0x000070000d104000,0x000070000d204000)]
  0x00007fd5dd819800 JavaThread "Thread-16" [_thread_blocked, id=29955, stack(0x000070000d001000,0x000070000d101000)]
  0x00007fd5dd818800 JavaThread "Thread-15" [_thread_blocked, id=29443, stack(0x000070000cefe000,0x000070000cffe000)]
  0x00007fd5dd818000 JavaThread "Thread-14" [_thread_blocked, id=28931, stack(0x000070000cdfb000,0x000070000cefb000)]
  0x00007fd5db079000 JavaThread "Thread-13" [_thread_blocked, id=28419, stack(0x000070000ccf8000,0x000070000cdf8000)]
  0x00007fd5de02c000 JavaThread "Thread-12" [_thread_blocked, id=27907, stack(0x000070000cbf5000,0x000070000ccf5000)]
  0x00007fd5db078800 JavaThread "Thread-11" [_thread_blocked, id=27395, stack(0x000070000caf2000,0x000070000cbf2000)]
  0x00007fd5de02b800 JavaThread "Thread-10" [_thread_blocked, id=26883, stack(0x000070000c9ef000,0x000070000caef000)]
  0x00007fd5db016800 JavaThread "Thread-9" [_thread_blocked, id=26371, stack(0x000070000c8ec000,0x000070000c9ec000)]
  0x00007fd5de02a800 JavaThread "Thread-8" [_thread_blocked, id=25859, stack(0x000070000c7e9000,0x000070000c8e9000)]
  0x00007fd5de02a000 JavaThread "Thread-7" [_thread_blocked, id=25347, stack(0x000070000c6e6000,0x000070000c7e6000)]
  0x00007fd5db016000 JavaThread "Thread-6" [_thread_blocked, id=24835, stack(0x000070000c5e3000,0x000070000c6e3000)]
  0x00007fd5daa16800 JavaThread "Thread-5" [_thread_blocked, id=24323, stack(0x000070000c4e0000,0x000070000c5e0000)]
  0x00007fd5de003000 JavaThread "Service Thread" daemon [_thread_blocked, id=23299, stack(0x000070000c2da000,0x000070000c3da000)]
=>0x00007fd5da25f800 JavaThread "C1 CompilerThread3" daemon [_thread_in_vm, id=22787, stack(0x000070000c1d7000,0x000070000c2d7000)]
  0x00007fd5da257000 JavaThread "C2 CompilerThread2" daemon [_thread_blocked, id=22275, stack(0x000070000c0d4000,0x000070000c1d4000)]
  0x00007fd5da256000 JavaThread "C2 CompilerThread1" daemon [_thread_blocked, id=21763, stack(0x000070000bfd1000,0x000070000c0d1000)]
  0x00007fd5da982000 JavaThread "C2 CompilerThread0" daemon [_thread_blocked, id=21255, stack(0x000070000bece000,0x000070000bfce000)]
  0x00007fd5da252000 JavaThread "process reaper" daemon [_thread_blocked, id=20743, stack(0x000070000bea3000,0x000070000becb000)]
  0x00007fd5dc0cc000 JavaThread "*** Profiler Agent Special Execution Thread 6" daemon [_thread_blocked, id=20227, stack(0x000070000bda0000,0x000070000bea0000)]
  0x00007fd5dc0ca800 JavaThread "*** JFluid Monitor thread ***" daemon [_thread_blocked, id=19715, stack(0x000070000bc9d000,0x000070000bd9d000)]
  0x00007fd5da0bb800 JavaThread "*** Profiler Agent Communication Thread" daemon [_thread_in_native, id=19203, stack(0x000070000bb9a000,0x000070000bc9a000)]
  0x00007fd5da896000 JavaThread "Signal Dispatcher" daemon [_thread_blocked, id=18691, stack(0x000070000ba97000,0x000070000bb97000)]
  0x00007fd5dc81d000 JavaThread "Finalizer" daemon [_thread_blocked, id=14595, stack(0x000070000b994000,0x000070000ba94000)]
  0x00007fd5dc050800 JavaThread "Reference Handler" daemon [_thread_blocked, id=14083, stack(0x000070000b891000,0x000070000b991000)]
  0x00007fd5da008800 JavaThread "main" [_thread_blocked, id=7171, stack(0x000070000ae73000,0x000070000af73000)]

Other Threads:
  0x00007fd5dc038800 VMThread [stack: 0x000070000b78e000,0x000070000b88e000] [id=13571]
  0x00007fd5da288000 WatcherThread [stack: 0x000070000c3dd000,0x000070000c4dd000] [id=23811]

VM state:synchronizing (normal execution)

VM Mutex/Monitor currently owned by a thread:  ([mutex/lock_event])
[0x00007fd5d9e01f00] Threads_lock - owner thread: 0x00007fd5dc038800
[0x00007fd5d9e02400] Heap_lock - owner thread: 0x00007fd5dd06f000

Heap:
 PSYoungGen      total 38400K, used 38399K [0x0000000795580000, 0x000000079a080000, 0x00000007c0000000)
  eden space 33280K, 100% used [0x0000000795580000,0x0000000797600000,0x0000000797600000)
  from space 5120K, 99% used [0x0000000797b00000,0x0000000797fffde0,0x0000000798000000)
  to   space 5120K, 0% used [0x0000000797600000,0x0000000797600000,0x0000000797b00000)
 ParOldGen       total 87552K, used 3240K [0x0000000740000000, 0x0000000745580000, 0x0000000795580000)
  object space 87552K, 3% used [0x0000000740000000,0x000000074032a1c8,0x0000000745580000)
 Metaspace       used 7924K, capacity 8110K, committed 8192K, reserved 1056768K
  class space    used 913K, capacity 996K, committed 1024K, reserved 1048576K

Card table byte_map: [0x0000000106d4d000,0x000000010714e000] byte_map_base: 0x000000010334d000

Marking Bits: (ParMarkBitMap*) 0x00000001062e3ea0
 Begin Bits: [0x00000001188b7000, 0x000000011a8b7000)
 End Bits:   [0x000000011a8b7000, 0x000000011c8b7000)

Polling page: 0x000000010487f000

CodeCache: size=245760Kb used=1902Kb max_used=1902Kb free=243857Kb
 bounds [0x00000001098b7000, 0x0000000109b27000, 0x00000001188b7000]
 total_blobs=645 nmethods=303 adapters=256
 compilation: enabled

Compilation events (10 events):
Event: 1.324 Thread 0x00007fd5da25f800 nmethod 298 0x0000000109a5b090 code [0x0000000109a5b1e0, 0x0000000109a5b2d0]
Event: 1.325 Thread 0x00007fd5da25f800  299       3       org.netbeans.lib.profiler.server.ThreadInfo::getThreadInfoOrNull (46 bytes)
Event: 1.325 Thread 0x00007fd5da25f800 nmethod 299 0x0000000109a659d0 code [0x0000000109a65b60, 0x0000000109a65ec8]
Event: 1.325 Thread 0x00007fd5da25f800  300       3       java.nio.Buffer::checkIndex (22 bytes)
Event: 1.325 Thread 0x00007fd5da25f800 nmethod 300 0x0000000109a65510 code [0x0000000109a65680, 0x0000000109a65908]
Event: 1.325 Thread 0x00007fd5da25f800  301       3       java.nio.DirectLongBufferU::ix (10 bytes)
Event: 1.330 Thread 0x00007fd5da25f800 nmethod 301 0x0000000109a651d0 code [0x0000000109a65320, 0x0000000109a65490]
Event: 1.330 Thread 0x00007fd5da25f800  303       3       java.lang.ClassLoader::loadClass (7 bytes)
Event: 1.331 Thread 0x00007fd5da25f800 nmethod 303 0x0000000109a93b10 code [0x0000000109a93c80, 0x0000000109a93e88]
Event: 1.331 Thread 0x00007fd5da25f800  309       3       java.util.regex.Pattern::sequence (553 bytes)

GC Heap History (4 events):
Event: 1.264 GC heap before
{Heap before GC invocations=1 (full 0):
 PSYoungGen      total 38400K, used 33280K [0x0000000795580000, 0x0000000798000000, 0x00000007c0000000)
  eden space 33280K, 100% used [0x0000000795580000,0x0000000797600000,0x0000000797600000)
  from space 5120K, 0% used [0x0000000797b00000,0x0000000797b00000,0x0000000798000000)
  to   space 5120K, 0% used [0x0000000797600000,0x0000000797600000,0x0000000797b00000)
 ParOldGen       total 87552K, used 0K [0x0000000740000000, 0x0000000745580000, 0x0000000795580000)
  object space 87552K, 0% used [0x0000000740000000,0x0000000740000000,0x0000000745580000)
 Metaspace       used 7886K, capacity 8110K, committed 8192K, reserved 1056768K
  class space    used 913K, capacity 996K, committed 1024K, reserved 1048576K
Event: 1.268 GC heap after
Heap after GC invocations=1 (full 0):
 PSYoungGen      total 38400K, used 5118K [0x0000000795580000, 0x0000000798000000, 0x00000007c0000000)
  eden space 33280K, 0% used [0x0000000795580000,0x0000000795580000,0x0000000797600000)
  from space 5120K, 99% used [0x0000000797600000,0x0000000797aff9d0,0x0000000797b00000)
  to   space 5120K, 0% used [0x0000000797b00000,0x0000000797b00000,0x0000000798000000)
 ParOldGen       total 87552K, used 1086K [0x0000000740000000, 0x0000000745580000, 0x0000000795580000)
  object space 87552K, 1% used [0x0000000740000000,0x000000074010f870,0x0000000745580000)
 Metaspace       used 7886K, capacity 8110K, committed 8192K, reserved 1056768K
  class space    used 913K, capacity 996K, committed 1024K, reserved 1048576K
}
Event: 1.326 GC heap before
{Heap before GC invocations=2 (full 0):
 PSYoungGen      total 38400K, used 38398K [0x0000000795580000, 0x0000000798000000, 0x00000007c0000000)
  eden space 33280K, 100% used [0x0000000795580000,0x0000000797600000,0x0000000797600000)
  from space 5120K, 99% used [0x0000000797600000,0x0000000797aff9d0,0x0000000797b00000)
  to   space 5120K, 0% used [0x0000000797b00000,0x0000000797b00000,0x0000000798000000)
 ParOldGen       total 87552K, used 1086K [0x0000000740000000, 0x0000000745580000, 0x0000000795580000)
  object space 87552K, 1% used [0x0000000740000000,0x000000074010f870,0x0000000745580000)
 Metaspace       used 7895K, capacity 8110K, committed 8192K, reserved 1056768K
  class space    used 913K, capacity 996K, committed 1024K, reserved 1048576K
Event: 1.330 GC heap after
Heap after GC invocations=2 (full 0):
 PSYoungGen      total 38400K, used 5119K [0x0000000795580000, 0x000000079a080000, 0x00000007c0000000)
  eden space 33280K, 0% used [0x0000000795580000,0x0000000795580000,0x0000000797600000)
  from space 5120K, 99% used [0x0000000797b00000,0x0000000797fffde0,0x0000000798000000)
  to   space 5120K, 0% used [0x0000000797600000,0x0000000797600000,0x0000000797b00000)
 ParOldGen       total 87552K, used 3240K [0x0000000740000000, 0x0000000745580000, 0x0000000795580000)
  object space 87552K, 3% used [0x0000000740000000,0x000000074032a1c8,0x0000000745580000)
 Metaspace       used 7895K, capacity 8110K, committed 8192K, reserved 1056768K
  class space    used 913K, capacity 996K, committed 1024K, reserved 1048576K
}

Deoptimization events (4 events):
Event: 1.088 Thread 0x00007fd5daa16800 Uncommon trap: reason=predicate action=maybe_recompile pc=0x0000000109a20a70 method=java.util.regex.Pattern$Slice.match(Ljava/util/regex/Matcher;ILjava/lang/CharSequence;)Z @ 21
Event: 1.096 Thread 0x00007fd5daa16800 Uncommon trap: reason=unstable_if action=reinterpret pc=0x0000000109a1eea0 method=java.io.BufferedReader.read()I @ 19
Event: 1.129 Thread 0x00007fd5daa16800 Uncommon trap: reason=unstable_if action=reinterpret pc=0x0000000109a262ac method=java.io.BufferedReader.read()I @ 19
Event: 1.136 Thread 0x00007fd5daa16800 Uncommon trap: reason=range_check action=make_not_entrant pc=0x0000000109a35e90 method=java.lang.String.charAt(I)C @ 27

Internal exceptions (10 events):
Event: 0.502 Thread 0x00007fd5da008800 Exception <a 'java/lang/ArrayIndexOutOfBoundsException': 49> (0x00000007959040e0) thrown at [/HUDSON3/workspace/8-2-build-macosx-x86_64/jdk8u73/6086/hotspot/src/share/vm/interpreter/interpreterRuntime.cpp, line 366]
Event: 0.524 Thread 0x00007fd5da008800 Exception <a 'java/security/PrivilegedActionException'> (0x000000079592f790) thrown at [/HUDSON3/workspace/8-2-build-macosx-x86_64/jdk8u73/6086/hotspot/src/share/vm/prims/jvm.cpp, line 1386]
Event: 0.524 Thread 0x00007fd5da008800 Exception <a 'java/lang/ArrayIndexOutOfBoundsException': 22> (0x0000000795930888) thrown at [/HUDSON3/workspace/8-2-build-macosx-x86_64/jdk8u73/6086/hotspot/src/share/vm/interpreter/interpreterRuntime.cpp, line 366]
Event: 0.525 Thread 0x00007fd5da008800 Exception <a 'java/lang/ArrayIndexOutOfBoundsException': 160> (0x0000000795932470) thrown at [/HUDSON3/workspace/8-2-build-macosx-x86_64/jdk8u73/6086/hotspot/src/share/vm/interpreter/interpreterRuntime.cpp, line 366]
Event: 0.525 Thread 0x00007fd5da008800 Exception <a 'java/lang/ArrayIndexOutOfBoundsException': 22> (0x00000007959349b0) thrown at [/HUDSON3/workspace/8-2-build-macosx-x86_64/jdk8u73/6086/hotspot/src/share/vm/interpreter/interpreterRuntime.cpp, line 366]
Event: 0.526 Thread 0x00007fd5da008800 Exception <a 'java/lang/ArrayIndexOutOfBoundsException': 22> (0x0000000795936308) thrown at [/HUDSON3/workspace/8-2-build-macosx-x86_64/jdk8u73/6086/hotspot/src/share/vm/interpreter/interpreterRuntime.cpp, line 366]
Event: 0.526 Thread 0x00007fd5da008800 Exception <a 'java/lang/ArrayIndexOutOfBoundsException': 22> (0x0000000795938558) thrown at [/HUDSON3/workspace/8-2-build-macosx-x86_64/jdk8u73/6086/hotspot/src/share/vm/interpreter/interpreterRuntime.cpp, line 366]
Event: 0.834 Thread 0x00007fd5da0bb800 Exception <a 'java/lang/NoSuchFieldError': method resolution failed> (0x0000000795ae3d78) thrown at [/HUDSON3/workspace/8-2-build-macosx-x86_64/jdk8u73/6086/hotspot/src/share/vm/prims/methodHandles.cpp, line 1146]
Event: 0.837 Thread 0x00007fd5da0bb800 Exception <a 'java/lang/NoSuchFieldError': method resolution failed> (0x0000000795af1548) thrown at [/HUDSON3/workspace/8-2-build-macosx-x86_64/jdk8u73/6086/hotspot/src/share/vm/prims/methodHandles.cpp, line 1146]
Event: 1.077 Thread 0x00007fd5daa16800 Exception <a 'java/lang/ArrayIndexOutOfBoundsException': 6> (0x0000000796027678) thrown at [/HUDSON3/workspace/8-2-build-macosx-x86_64/jdk8u73/6086/hotspot/src/share/vm/interpreter/interpreterRuntime.cpp, line 366]

Events (10 events):
Event: 1.324 loading class ire/Tokenizer done
Event: 1.325 loading class org/tartarus/snowball/ext/englishStemmer
Event: 1.325 loading class org/tartarus/snowball/ext/englishStemmer done
Event: 1.325 Executing VM operation: ParallelGCFailedAllocation
Event: 1.330 Executing VM operation: ParallelGCFailedAllocation done
Event: 1.331 loading class org/tartarus/snowball/SnowballStemmer
Event: 1.331 loading class org/tartarus/snowball/SnowballStemmer done
Event: 1.332 loading class org/tartarus/snowball/SnowballProgram
Event: 1.332 loading class org/tartarus/snowball/SnowballProgram done
Event: 1.332 Executing VM operation: ParallelGCFailedAllocation


Dynamic libraries:
0x0000000053abf000 	/System/Library/Frameworks/Cocoa.framework/Versions/A/Cocoa
0x0000000053abf000 	/System/Library/Frameworks/Security.framework/Versions/A/Security
0x0000000053abf000 	/System/Library/Frameworks/ApplicationServices.framework/Versions/A/ApplicationServices
0x0000000053abf000 	/usr/lib/libz.1.dylib
0x0000000053abf000 	/usr/lib/libSystem.B.dylib
0x0000000053abf000 	/usr/lib/libobjc.A.dylib
0x0000000053abf000 	/System/Library/Frameworks/CoreFoundation.framework/Versions/A/CoreFoundation
0x0000000053abf000 	/System/Library/Frameworks/Foundation.framework/Versions/C/Foundation
0x0000000053abf000 	/System/Library/Frameworks/AppKit.framework/Versions/C/AppKit
0x0000000053abf000 	/System/Library/Frameworks/CoreData.framework/Versions/A/CoreData
0x0000000053abf000 	/System/Library/PrivateFrameworks/RemoteViewServices.framework/Versions/A/RemoteViewServices
0x0000000053abf000 	/System/Library/PrivateFrameworks/UIFoundation.framework/Versions/A/UIFoundation
0x0000000053abf000 	/usr/lib/libenergytrace.dylib
0x0000000053abf000 	/System/Library/PrivateFrameworks/SkyLight.framework/Versions/A/SkyLight
0x0000000053abf000 	/System/Library/Frameworks/CoreGraphics.framework/Versions/A/CoreGraphics
0x0000000053abf000 	/usr/lib/libScreenReader.dylib
0x0000000053abf000 	/System/Library/Frameworks/Accelerate.framework/Versions/A/Accelerate
0x0000000053abf000 	/System/Library/Frameworks/IOSurface.framework/Versions/A/IOSurface
0x0000000053abf000 	/System/Library/Frameworks/AudioToolbox.framework/Versions/A/AudioToolbox
0x0000000053abf000 	/System/Library/Frameworks/AudioUnit.framework/Versions/A/AudioUnit
0x0000000053abf000 	/System/Library/PrivateFrameworks/DataDetectorsCore.framework/Versions/A/DataDetectorsCore
0x0000000053abf000 	/System/Library/PrivateFrameworks/DesktopServicesPriv.framework/Versions/A/DesktopServicesPriv
0x0000000053abf000 	/System/Library/Frameworks/Carbon.framework/Versions/A/Frameworks/HIToolbox.framework/Versions/A/HIToolbox
0x0000000053abf000 	/usr/lib/libicucore.A.dylib
0x0000000053abf000 	/System/Library/Frameworks/QuartzCore.framework/Versions/A/QuartzCore
0x0000000053abf000 	/System/Library/Frameworks/Carbon.framework/Versions/A/Frameworks/SpeechRecognition.framework/Versions/A/SpeechRecognition
0x0000000053abf000 	/usr/lib/libauto.dylib
0x0000000053abf000 	/usr/lib/libxml2.2.dylib
0x0000000053abf000 	/System/Library/PrivateFrameworks/CoreUI.framework/Versions/A/CoreUI
0x0000000053abf000 	/System/Library/Frameworks/CoreAudio.framework/Versions/A/CoreAudio
0x0000000053abf000 	/System/Library/Frameworks/DiskArbitration.framework/Versions/A/DiskArbitration
0x0000000053abf000 	/usr/lib/liblangid.dylib
0x0000000053abf000 	/System/Library/PrivateFrameworks/MultitouchSupport.framework/Versions/A/MultitouchSupport
0x0000000053abf000 	/System/Library/Frameworks/IOKit.framework/Versions/A/IOKit
0x0000000053abf000 	/usr/lib/libDiagnosticMessagesClient.dylib
0x0000000053abf000 	/System/Library/Frameworks/CoreServices.framework/Versions/A/CoreServices
0x0000000053abf000 	/System/Library/PrivateFrameworks/PerformanceAnalysis.framework/Versions/A/PerformanceAnalysis
0x0000000053abf000 	/System/Library/PrivateFrameworks/GenerationalStorage.framework/Versions/A/GenerationalStorage
0x0000000053abf000 	/System/Library/Frameworks/OpenGL.framework/Versions/A/OpenGL
0x0000000053abf000 	/System/Library/Frameworks/CoreImage.framework/Versions/A/CoreImage
0x0000000053abf000 	/System/Library/Frameworks/CoreText.framework/Versions/A/CoreText
0x0000000053abf000 	/System/Library/Frameworks/ImageIO.framework/Versions/A/ImageIO
0x0000000053abf000 	/System/Library/PrivateFrameworks/Backup.framework/Versions/A/Backup
0x0000000053abf000 	/usr/lib/libarchive.2.dylib
0x0000000053abf000 	/System/Library/Frameworks/CFNetwork.framework/Versions/A/CFNetwork
0x0000000053abf000 	/System/Library/Frameworks/SystemConfiguration.framework/Versions/A/SystemConfiguration
0x0000000053abf000 	/usr/lib/libCRFSuite.dylib
0x0000000053abf000 	/usr/lib/libc++.1.dylib
0x0000000053abf000 	/usr/lib/libc++abi.dylib
0x0000000053abf000 	/usr/lib/system/libcache.dylib
0x0000000053abf000 	/usr/lib/system/libcommonCrypto.dylib
0x0000000053abf000 	/usr/lib/system/libcompiler_rt.dylib
0x0000000053abf000 	/usr/lib/system/libcopyfile.dylib
0x0000000053abf000 	/usr/lib/system/libcorecrypto.dylib
0x0000000053abf000 	/usr/lib/system/libdispatch.dylib
0x0000000053abf000 	/usr/lib/system/libdyld.dylib
0x0000000053abf000 	/usr/lib/system/libkeymgr.dylib
0x0000000053abf000 	/usr/lib/system/liblaunch.dylib
0x0000000053abf000 	/usr/lib/system/libmacho.dylib
0x0000000053abf000 	/usr/lib/system/libquarantine.dylib
0x0000000053abf000 	/usr/lib/system/libremovefile.dylib
0x0000000053abf000 	/usr/lib/system/libsystem_asl.dylib
0x0000000053abf000 	/usr/lib/system/libsystem_blocks.dylib
0x0000000053abf000 	/usr/lib/system/libsystem_c.dylib
0x0000000053abf000 	/usr/lib/system/libsystem_configuration.dylib
0x0000000053abf000 	/usr/lib/system/libsystem_coreservices.dylib
0x0000000053abf000 	/usr/lib/system/libsystem_coretls.dylib
0x0000000053abf000 	/usr/lib/system/libsystem_dnssd.dylib
0x0000000053abf000 	/usr/lib/system/libsystem_info.dylib
0x0000000053abf000 	/usr/lib/system/libsystem_kernel.dylib
0x0000000053abf000 	/usr/lib/system/libsystem_m.dylib
0x0000000053abf000 	/usr/lib/system/libsystem_malloc.dylib
0x0000000053abf000 	/usr/lib/system/libsystem_network.dylib
0x0000000053abf000 	/usr/lib/system/libsystem_networkextension.dylib
0x0000000053abf000 	/usr/lib/system/libsystem_notify.dylib
0x0000000053abf000 	/usr/lib/system/libsystem_platform.dylib
0x0000000053abf000 	/usr/lib/system/libsystem_pthread.dylib
0x0000000053abf000 	/usr/lib/system/libsystem_sandbox.dylib
0x0000000053abf000 	/usr/lib/system/libsystem_secinit.dylib
0x0000000053abf000 	/usr/lib/system/libsystem_symptoms.dylib
0x0000000053abf000 	/usr/lib/system/libsystem_trace.dylib
0x0000000053abf000 	/usr/lib/system/libunwind.dylib
0x0000000053abf000 	/usr/lib/system/libxpc.dylib
0x0000000053abf000 	/usr/lib/libbsm.0.dylib
0x0000000053abf000 	/usr/lib/system/libkxld.dylib
0x0000000053abf000 	/usr/lib/libcoretls.dylib
0x0000000053abf000 	/usr/lib/libcoretls_cfhelpers.dylib
0x0000000053abf000 	/usr/lib/libxar.1.dylib
0x0000000053abf000 	/usr/lib/libsqlite3.dylib
0x0000000053abf000 	/usr/lib/libpam.2.dylib
0x0000000053abf000 	/usr/lib/libOpenScriptingUtil.dylib
0x0000000053abf000 	/usr/lib/libbz2.1.0.dylib
0x0000000053abf000 	/usr/lib/liblzma.5.dylib
0x0000000053abf000 	/usr/lib/libnetwork.dylib
0x0000000053abf000 	/usr/lib/libpcap.A.dylib
0x0000000053abf000 	/System/Library/Frameworks/CoreServices.framework/Versions/A/Frameworks/FSEvents.framework/Versions/A/FSEvents
0x0000000053abf000 	/System/Library/Frameworks/CoreServices.framework/Versions/A/Frameworks/CarbonCore.framework/Versions/A/CarbonCore
0x0000000053abf000 	/System/Library/Frameworks/CoreServices.framework/Versions/A/Frameworks/Metadata.framework/Versions/A/Metadata
0x0000000053abf000 	/System/Library/Frameworks/CoreServices.framework/Versions/A/Frameworks/OSServices.framework/Versions/A/OSServices
0x0000000053abf000 	/System/Library/Frameworks/CoreServices.framework/Versions/A/Frameworks/SearchKit.framework/Versions/A/SearchKit
0x0000000053abf000 	/System/Library/Frameworks/CoreServices.framework/Versions/A/Frameworks/AE.framework/Versions/A/AE
0x0000000053abf000 	/System/Library/Frameworks/CoreServices.framework/Versions/A/Frameworks/LaunchServices.framework/Versions/A/LaunchServices
0x0000000053abf000 	/System/Library/Frameworks/CoreServices.framework/Versions/A/Frameworks/DictionaryServices.framework/Versions/A/DictionaryServices
0x0000000053abf000 	/System/Library/Frameworks/CoreServices.framework/Versions/A/Frameworks/SharedFileList.framework/Versions/A/SharedFileList
0x0000000053abf000 	/System/Library/Frameworks/NetFS.framework/Versions/A/NetFS
0x0000000053abf000 	/System/Library/PrivateFrameworks/NetAuth.framework/Versions/A/NetAuth
0x0000000053abf000 	/System/Library/PrivateFrameworks/login.framework/Versions/A/Frameworks/loginsupport.framework/Versions/A/loginsupport
0x0000000053abf000 	/System/Library/PrivateFrameworks/TCC.framework/Versions/A/TCC
0x0000000053abf000 	/usr/lib/libmecabra.dylib
0x0000000053abf000 	/System/Library/Frameworks/ApplicationServices.framework/Versions/A/Frameworks/ATS.framework/Versions/A/ATS
0x0000000053abf000 	/System/Library/Frameworks/ApplicationServices.framework/Versions/A/Frameworks/ColorSync.framework/Versions/A/ColorSync
0x0000000053abf000 	/System/Library/Frameworks/ApplicationServices.framework/Versions/A/Frameworks/HIServices.framework/Versions/A/HIServices
0x0000000053abf000 	/System/Library/Frameworks/ApplicationServices.framework/Versions/A/Frameworks/LangAnalysis.framework/Versions/A/LangAnalysis
0x0000000053abf000 	/System/Library/Frameworks/ApplicationServices.framework/Versions/A/Frameworks/PrintCore.framework/Versions/A/PrintCore
0x0000000053abf000 	/System/Library/Frameworks/ApplicationServices.framework/Versions/A/Frameworks/QD.framework/Versions/A/QD
0x0000000053abf000 	/System/Library/Frameworks/ApplicationServices.framework/Versions/A/Frameworks/SpeechSynthesis.framework/Versions/A/SpeechSynthesis
0x0000000053abf000 	/System/Library/Frameworks/Accelerate.framework/Versions/A/Frameworks/vImage.framework/Versions/A/vImage
0x0000000053abf000 	/System/Library/Frameworks/Accelerate.framework/Versions/A/Frameworks/vecLib.framework/Versions/A/vecLib
0x0000000053abf000 	/System/Library/Frameworks/Accelerate.framework/Versions/A/Frameworks/vecLib.framework/Versions/A/libvDSP.dylib
0x0000000053abf000 	/System/Library/Frameworks/Accelerate.framework/Versions/A/Frameworks/vecLib.framework/Versions/A/libBNNS.dylib
0x0000000053abf000 	/System/Library/Frameworks/Accelerate.framework/Versions/A/Frameworks/vecLib.framework/Versions/A/libQuadrature.dylib
0x0000000053abf000 	/System/Library/Frameworks/Accelerate.framework/Versions/A/Frameworks/vecLib.framework/Versions/A/libvMisc.dylib
0x0000000053abf000 	/System/Library/Frameworks/Accelerate.framework/Versions/A/Frameworks/vecLib.framework/Versions/A/libLAPACK.dylib
0x0000000053abf000 	/System/Library/Frameworks/Accelerate.framework/Versions/A/Frameworks/vecLib.framework/Versions/A/libBLAS.dylib
0x0000000053abf000 	/System/Library/Frameworks/Accelerate.framework/Versions/A/Frameworks/vecLib.framework/Versions/A/libLinearAlgebra.dylib
0x0000000053abf000 	/System/Library/Frameworks/Accelerate.framework/Versions/A/Frameworks/vecLib.framework/Versions/A/libSparseBLAS.dylib
0x0000000053abf000 	/System/Library/Frameworks/ApplicationServices.framework/Versions/A/Frameworks/ATS.framework/Versions/A/Resources/libFontParser.dylib
0x0000000053abf000 	/System/Library/Frameworks/ApplicationServices.framework/Versions/A/Frameworks/ATS.framework/Versions/A/Resources/libFontRegistry.dylib
0x0000000053abf000 	/System/Library/Frameworks/ImageIO.framework/Versions/A/Resources/libJPEG.dylib
0x0000000053abf000 	/System/Library/Frameworks/ImageIO.framework/Versions/A/Resources/libTIFF.dylib
0x0000000053abf000 	/System/Library/Frameworks/ImageIO.framework/Versions/A/Resources/libPng.dylib
0x0000000053abf000 	/System/Library/Frameworks/ImageIO.framework/Versions/A/Resources/libGIF.dylib
0x0000000053abf000 	/System/Library/Frameworks/ImageIO.framework/Versions/A/Resources/libJP2.dylib
0x0000000053abf000 	/System/Library/Frameworks/ImageIO.framework/Versions/A/Resources/libRadiance.dylib
0x0000000053abf000 	/usr/lib/libcompression.dylib
0x0000000053abf000 	/System/Library/PrivateFrameworks/AppleJPEG.framework/Versions/A/AppleJPEG
0x0000000053abf000 	/usr/lib/libcups.2.dylib
0x0000000053abf000 	/System/Library/Frameworks/Kerberos.framework/Versions/A/Kerberos
0x0000000053abf000 	/System/Library/Frameworks/GSS.framework/Versions/A/GSS
0x0000000053abf000 	/usr/lib/libresolv.9.dylib
0x0000000053abf000 	/usr/lib/libiconv.2.dylib
0x0000000053abf000 	/System/Library/PrivateFrameworks/Heimdal.framework/Versions/A/Heimdal
0x0000000053abf000 	/usr/lib/libheimdal-asn1.dylib
0x0000000053abf000 	/System/Library/Frameworks/OpenDirectory.framework/Versions/A/OpenDirectory
0x0000000053abf000 	/System/Library/PrivateFrameworks/CommonAuth.framework/Versions/A/CommonAuth
0x0000000053abf000 	/System/Library/Frameworks/OpenDirectory.framework/Versions/A/Frameworks/CFOpenDirectory.framework/Versions/A/CFOpenDirectory
0x0000000053abf000 	/System/Library/Frameworks/SecurityFoundation.framework/Versions/A/SecurityFoundation
0x0000000053abf000 	/System/Library/PrivateFrameworks/LanguageModeling.framework/Versions/A/LanguageModeling
0x0000000053abf000 	/usr/lib/libmarisa.dylib
0x0000000053abf000 	/usr/lib/libChineseTokenizer.dylib
0x0000000053abf000 	/usr/lib/libcmph.dylib
0x0000000053abf000 	/System/Library/PrivateFrameworks/CoreEmoji.framework/Versions/A/CoreEmoji
0x0000000053abf000 	/System/Library/Frameworks/ServiceManagement.framework/Versions/A/ServiceManagement
0x0000000053abf000 	/usr/lib/libxslt.1.dylib
0x0000000053abf000 	/System/Library/Frameworks/Carbon.framework/Versions/A/Frameworks/Ink.framework/Versions/A/Ink
0x0000000053abf000 	/System/Library/PrivateFrameworks/TextureIO.framework/Versions/A/TextureIO
0x0000000053abf000 	/System/Library/Frameworks/Metal.framework/Versions/A/Metal
0x0000000053abf000 	/usr/lib/libate.dylib
0x0000000053abf000 	/System/Library/PrivateFrameworks/GPUCompiler.framework/libmetal_timestamp.dylib
0x0000000053abf000 	/System/Library/Frameworks/OpenGL.framework/Versions/A/Libraries/libCoreFSCache.dylib
0x0000000053abf000 	/System/Library/PrivateFrameworks/IOAccelerator.framework/Versions/A/IOAccelerator
0x0000000053abf000 	/System/Library/Frameworks/CoreVideo.framework/Versions/A/CoreVideo
0x0000000053abf000 	/usr/lib/libFosl_dynamic.dylib
0x0000000053abf000 	/System/Library/PrivateFrameworks/MetalPerformanceShaders.framework/Versions/A/MetalPerformanceShaders
0x0000000053abf000 	/System/Library/PrivateFrameworks/FaceCore.framework/Versions/A/FaceCore
0x0000000053abf000 	/System/Library/Frameworks/OpenCL.framework/Versions/A/OpenCL
0x0000000053abf000 	/System/Library/Frameworks/OpenGL.framework/Versions/A/Libraries/libGLU.dylib
0x0000000053abf000 	/System/Library/Frameworks/OpenGL.framework/Versions/A/Libraries/libGFXShared.dylib
0x0000000053abf000 	/System/Library/Frameworks/OpenGL.framework/Versions/A/Libraries/libGL.dylib
0x0000000053abf000 	/System/Library/Frameworks/OpenGL.framework/Versions/A/Libraries/libGLImage.dylib
0x0000000053abf000 	/System/Library/Frameworks/OpenGL.framework/Versions/A/Libraries/libCVMSPluginSupport.dylib
0x0000000053abf000 	/System/Library/Frameworks/OpenGL.framework/Versions/A/Libraries/libCoreVMClient.dylib
0x0000000053abf000 	/System/Library/PrivateFrameworks/CrashReporterSupport.framework/Versions/A/CrashReporterSupport
0x0000000053abf000 	/System/Library/PrivateFrameworks/Sharing.framework/Versions/A/Sharing
0x0000000053abf000 	/System/Library/PrivateFrameworks/IconServices.framework/Versions/A/IconServices
0x0000000053abf000 	/System/Library/PrivateFrameworks/ProtocolBuffer.framework/Versions/A/ProtocolBuffer
0x0000000053abf000 	/System/Library/PrivateFrameworks/Apple80211.framework/Versions/A/Apple80211
0x0000000053abf000 	/System/Library/Frameworks/CoreWLAN.framework/Versions/A/CoreWLAN
0x0000000053abf000 	/System/Library/PrivateFrameworks/CoreUtils.framework/Versions/A/CoreUtils
0x0000000053abf000 	/System/Library/Frameworks/IOBluetooth.framework/Versions/A/IOBluetooth
0x0000000053abf000 	/System/Library/PrivateFrameworks/CoreWiFi.framework/Versions/A/CoreWiFi
0x0000000053abf000 	/System/Library/Frameworks/CoreBluetooth.framework/Versions/A/CoreBluetooth
0x0000000053abf000 	/System/Library/Frameworks/CoreDisplay.framework/Versions/A/CoreDisplay
0x0000000053abf000 	/System/Library/PrivateFrameworks/IOPresentment.framework/Versions/A/IOPresentment
0x0000000053abf000 	/System/Library/PrivateFrameworks/DebugSymbols.framework/Versions/A/DebugSymbols
0x0000000053abf000 	/System/Library/PrivateFrameworks/CoreSymbolication.framework/Versions/A/CoreSymbolication
0x0000000053abf000 	/System/Library/PrivateFrameworks/Symbolication.framework/Versions/A/Symbolication
0x0000000053abf000 	/System/Library/PrivateFrameworks/AppleFSCompression.framework/Versions/A/AppleFSCompression
0x0000000053abf000 	/System/Library/PrivateFrameworks/SpeechRecognitionCore.framework/Versions/A/SpeechRecognitionCore
0x0000000053abf000 	/System/Library/PrivateFrameworks/ChunkingLibrary.framework/Versions/A/ChunkingLibrary
0x0000000105a00000 	/Library/Java/JavaVirtualMachines/jdk1.8.0_73.jdk/Contents/Home/jre/lib/server/libjvm.dylib
0x0000000053abf000 	/usr/lib/libstdc++.6.dylib
0x000000010483c000 	/Library/Java/JavaVirtualMachines/jdk1.8.0_73.jdk/Contents/Home/jre/lib/libverify.dylib
0x000000010484a000 	/Library/Java/JavaVirtualMachines/jdk1.8.0_73.jdk/Contents/Home/jre/lib/libjava.dylib
0x0000000104880000 	/Applications/NetBeans/NetBeans 8.1.app/Contents/Resources/NetBeans/profiler/lib/deployed/jdk16/mac/libprofilerinterface.jnilib
0x000000010488b000 	/System/Library/Frameworks/JavaVM.framework/Versions/A/JavaVM
0x0000000104898000 	/System/Library/PrivateFrameworks/JavaLaunching.framework/Versions/A/JavaLaunching
0x00000001048ad000 	/Library/Java/JavaVirtualMachines/jdk1.8.0_73.jdk/Contents/Home/jre/lib/libzip.dylib
0x000000010972e000 	/System/Library/Frameworks/JavaVM.framework/Frameworks/JavaRuntimeSupport.framework/JavaRuntimeSupport
0x0000000109748000 	/System/Library/Frameworks/JavaVM.framework/Versions/A/Frameworks/JavaNativeFoundation.framework/Versions/A/JavaNativeFoundation
0x0000000053abf000 	/System/Library/Frameworks/Carbon.framework/Versions/A/Carbon
0x0000000053abf000 	/System/Library/Frameworks/Carbon.framework/Versions/A/Frameworks/CommonPanels.framework/Versions/A/CommonPanels
0x0000000053abf000 	/System/Library/Frameworks/Carbon.framework/Versions/A/Frameworks/Help.framework/Versions/A/Help
0x0000000053abf000 	/System/Library/Frameworks/Carbon.framework/Versions/A/Frameworks/ImageCapture.framework/Versions/A/ImageCapture
0x0000000053abf000 	/System/Library/Frameworks/Carbon.framework/Versions/A/Frameworks/OpenScripting.framework/Versions/A/OpenScripting
0x0000000053abf000 	/System/Library/Frameworks/Carbon.framework/Versions/A/Frameworks/Print.framework/Versions/A/Print
0x0000000053abf000 	/System/Library/Frameworks/Carbon.framework/Versions/A/Frameworks/SecurityHI.framework/Versions/A/SecurityHI
0x00000001097b5000 	/Library/Java/JavaVirtualMachines/jdk1.8.0_73.jdk/Contents/Home/jre/lib/libnet.dylib
0x0000000109814000 	/Library/Java/JavaVirtualMachines/jdk1.8.0_73.jdk/Contents/Home/jre/lib/libmanagement.dylib
0x000000011e86d000 	/Library/Java/JavaVirtualMachines/jdk1.8.0_73.jdk/Contents/Home/jre/lib/libnio.dylib

VM Arguments:
jvm_args: -agentpath:/Applications/NetBeans/NetBeans 8.1.app/Contents/Resources/NetBeans/profiler/lib/deployed/jdk16/mac/libprofilerinterface.jnilib=/Applications/NetBeans/NetBeans 8.1.app/Contents/Resources/NetBeans/profiler/lib,5140,10 -XX:+HeapDumpOnOutOfMemoryError -XX:HeapDumpPath=/Users/brunosilva/Library/Caches/NetBeans/8.1/mavencachedirs/1060432558/org-netbeans-modules-profiler 
java_command: ire.IRE
java_class_path (initial): /Users/brunosilva/Dropbox/Universidade/5Ano/1Semestre/RI/Pratica/InformationRetrieval2016/IRE_maven/target/classes:/Users/brunosilva/.m2/repository/commons-io/commons-io/2.4/commons-io-2.4.jar:/Users/brunosilva/.m2/repository/com/github/rholder/snowball-stemmer/1.3.0.581.1/snowball-stemmer-1.3.0.581.1.jar:/Users/brunosilva/.m2/repository/org/apache/commons/commons-lang3/3.1/commons-lang3-3.1.jar:/Users/brunosilva/.m2/repository/org/apache/commons/commons-csv/1.3/commons-csv-1.3.jar:/Users/brunosilva/.m2/repository/args4j/args4j/2.33/args4j-2.33.jar
Launcher Type: SUN_STANDARD

Environment Variables:
JAVA_HOME=/Library/Java/JavaVirtualMachines/jdk1.8.0_73.jdk/Contents/Home
PATH=/usr/bin:/bin:/usr/sbin:/sbin
SHELL=/usr/local/bin/fish
DISPLAY=/private/tmp/com.apple.launchd.qdDSSoksuk/org.macosforge.xquartz:0

Signal Handlers:
SIGSEGV: [libjvm.dylib+0x5a71a5], sa_mask[0]=11111111011111110111111111111111, sa_flags=SA_ONSTACK|SA_RESTART|SA_SIGINFO
SIGBUS: [libjvm.dylib+0x5a71a5], sa_mask[0]=11111111011111110111111111111111, sa_flags=SA_RESTART|SA_SIGINFO
SIGFPE: [libjvm.dylib+0x480eb4], sa_mask[0]=11111111011111110111111111111111, sa_flags=SA_RESTART|SA_SIGINFO
SIGPIPE: [libjvm.dylib+0x480eb4], sa_mask[0]=11111111011111110111111111111111, sa_flags=SA_RESTART|SA_SIGINFO
SIGXFSZ: [libjvm.dylib+0x480eb4], sa_mask[0]=11111111011111110111111111111111, sa_flags=SA_RESTART|SA_SIGINFO
SIGILL: [libjvm.dylib+0x480eb4], sa_mask[0]=11111111011111110111111111111111, sa_flags=SA_RESTART|SA_SIGINFO
SIGUSR1: SIG_DFL, sa_mask[0]=00000000000000000000000000000000, sa_flags=none
SIGUSR2: [libjvm.dylib+0x4809d2], sa_mask[0]=00100000000000000000000000000000, sa_flags=SA_RESTART|SA_SIGINFO
SIGHUP: [libjvm.dylib+0x47efa9], sa_mask[0]=11111111011111110111111111111111, sa_flags=SA_RESTART|SA_SIGINFO
SIGINT: SIG_IGN, sa_mask[0]=00000000000000000000000000000000, sa_flags=none
SIGTERM: [libjvm.dylib+0x47efa9], sa_mask[0]=11111111011111110111111111111111, sa_flags=SA_RESTART|SA_SIGINFO
SIGQUIT: [libjvm.dylib+0x47efa9], sa_mask[0]=11111111011111110111111111111111, sa_flags=SA_RESTART|SA_SIGINFO


---------------  S Y S T E M  ---------------

OS:Bsduname:Darwin 16.1.0 Darwin Kernel Version 16.1.0: Thu Oct 13 21:26:57 PDT 2016; root:xnu-3789.21.3~60/RELEASE_X86_64 x86_64
rlimit: STACK 8192k, CORE 0k, NPROC 709, NOFILE 10240, AS infinity
load average:4.42 5.69 5.03

CPU:total 8 (4 cores per cpu, 2 threads per core) family 6 model 58 stepping 9, cmov, cx8, fxsr, mmx, sse, sse2, sse3, ssse3, sse4.1, sse4.2, popcnt, avx, aes, clmul, erms, ht, tsc, tscinvbit, tscinv

Memory: 4k page, physical 8388608k(2451332k free)

/proc/meminfo:


vm_info: Java HotSpot(TM) 64-Bit Server VM (25.73-b02) for bsd-amd64 JRE (1.8.0_73-b02), built on Jan 29 2016 15:02:00 by "java_re" with gcc 4.2.1 (Based on Apple Inc. build 5658) (LLVM build 2336.11.00)

time: Mon Nov 14 15:49:47 2016
elapsed time: 1 seconds (0d 0h 0m 1s)

